Removed Pin From Net: NetName=NetU1_18 Pin=U2-2
Removed Pin From Net: NetName=NetU1_19 Pin=U2-11
Removed Pin From Net: NetName=NetU1_24 Pin=U2-49
Removed Pin From Net: NetName=ADCSDO_PIC32SDI Pin=U2-51
Removed Pin From Net: NetName=ADCSDI_PIC32SDO Pin=U2-53
Added Pin To Net: NetName=NetU1_24 Pin=U2-46
Added Pin To Net: NetName=ADCSDO_PIC32SDI Pin=U2-47
Added Pin To Net: NetName=ADCSDI_PIC32SDO Pin=U2-52
Added Pin To Net: NetName=NetU1_19 Pin=U2-54
Added Pin To Net: NetName=NetU1_18 Pin=U2-55
Add Pin To Net: Unknown Pin: Pin U4-1
Add Pin To Net: Unknown Pin: Pin U4-2
Add Pin To Net: Unknown Pin: Pin U4-3
Add Pin To Net: Unknown Pin: Pin U4-4
Add Pin To Net: Unknown Pin: Pin U4-5
Add Pin To Net: Unknown Pin: Pin U4-6
Add Pin To Net: Unknown Pin: Pin U4-8
Add Pin To Net: Unknown Pin: Pin U5-3
Add Pin To Net: Unknown Pin: Pin U5-4
Add Pin To Net: Unknown Pin: Pin U5-6
Add Pin To Net: Unknown Pin: Pin U5-7
Add Pin To Net: Unknown Pin: Pin U5-8
Added Pin To Net: NetName=NetU2_59 Pin=U2-59
Added Net: Name=NetU2_59
Added Net: Name=NetU4_7
Added Net: Name=NetU5_1
Added Net: Name=NetU5_5
Added Member To Class: ClassName=PIC32_Subsystem Member=Component U2 PIC32MX470-F512H-120MR
Add Class Member: Failed to add class member : Component U4 Fake_PGA
Add Class Member: Failed to add class member : Component U5 Fake_PGA
