Removed Pin From Net: NetName=NetU1_24 Pin=U2-3
Added Pin To Net: NetName=NetU1_24 Pin=U2-49
Add Pin To Net: Unknown Pin: Pin U4-1
Add Pin To Net: Unknown Pin: Pin U4-2
Add Pin To Net: Unknown Pin: Pin U4-3
Add Pin To Net: Unknown Pin: Pin U4-4
Add Pin To Net: Unknown Pin: Pin U4-5
Add Pin To Net: Unknown Pin: Pin U4-6
Add Pin To Net: Unknown Pin: Pin U4-7
Add Pin To Net: Unknown Pin: Pin U4-8
Add Pin To Net: Unknown Pin: Pin U5-1
Add Pin To Net: Unknown Pin: Pin U5-2
Add Pin To Net: Unknown Pin: Pin U5-4
Add Pin To Net: Unknown Pin: Pin U5-5
Add Pin To Net: Unknown Pin: Pin U5-6
Add Pin To Net: Unknown Pin: Pin U5-7
Add Pin To Net: Unknown Pin: Pin U5-8
Added Pin To Net: NetName=NetU2_58 Pin=U2-58
Added Net: Name=NetU2_58
Add Class Member: Failed to add class member : Component U4 Fake_PGA
Add Class Member: Failed to add class member : Component U5 Fake_PGA
